<?xml version="1.0" encoding="UTF-8"?>
<testng-results ignored="0" total="1" passed="1" failed="0" skipped="0">
  <reporter-output>
  </reporter-output>
  <suite started-at="2025-05-25T13:43:37 IST" name="Default suite" finished-at="2025-05-25T13:43:58 IST" duration-ms="21739">
    <groups>
    </groups>
    <test started-at="2025-05-25T13:43:37 IST" name="Default test" finished-at="2025-05-25T13:43:58 IST" duration-ms="21739">
      <class name="testcasejavaregister.TC_RF_005">
        <test-method signature="openbrawser()[pri:0, instance:testcasejavaregister.TC_RF_005@4b45a2f5]" started-at="2025-05-25T13:43:37 IST" name="openbrawser" finished-at="2025-05-25T13:43:58 IST" duration-ms="21659" status="PASS">
          <reporter-output>
          </reporter-output>
        </test-method> <!-- openbrawser -->
      </class> <!-- testcasejavaregister.TC_RF_005 -->
    </test> <!-- Default test -->
  </suite> <!-- Default suite -->
</testng-results>
